# JRE version: OpenJDK Runtime Environment (8.0_152-b02) (build 1.8.0_152-release-1024-b02)
# Java VM: OpenJDK 64-Bit Server VM (25.152-b02 mixed mode windows-amd64 compressed oops)
Heap:
 PSYoungGen      total 194048K, used 165169K [0x00000000e0000000, 0x00000000ee500000, 0x0000000100000000)
  eden space 173568K, 95% used [0x00000000e0000000,0x00000000ea14c570,0x00000000ea980000)
  from space 20480K, 0% used [0x00000000ec300000,0x00000000ec300000,0x00000000ed700000)
  to   space 26112K, 0% used [0x00000000ea980000,0x00000000ea980000,0x00000000ec300000)
 ParOldGen       total 264704K, used 40604K [0x00000000a0000000, 0x00000000b0280000, 0x00000000e0000000)
  object space 264704K, 15% used [0x00000000a0000000,0x00000000a27a7138,0x00000000b0280000)
 Metaspace       used 61068K, capacity 63097K, committed 63320K, reserved 1103872K
  class space    used 8261K, capacity 8792K, committed 8832K, reserved 1048576K
GC Heap History (10 events):
Event: 22.142 GC heap before
{Heap before GC invocations=7 (full 2):
 PSYoungGen      total 136704K, used 10740K [0x00000000e0000000, 0x00000000e9600000, 0x0000000100000000)
  eden space 125952K, 0% used [0x00000000e0000000,0x00000000e0000000,0x00000000e7b00000)
  from space 10752K, 99% used [0x00000000e7d00000,0x00000000e877d0c0,0x00000000e8780000)
  to   space 13824K, 0% used [0x00000000e8880000,0x00000000e8880000,0x00000000e9600000)
 ParOldGen       total 111104K, used 10617K [0x00000000a0000000, 0x00000000a6c80000, 0x00000000e0000000)
  object space 111104K, 9% used [0x00000000a0000000,0x00000000a0a5e7b8,0x00000000a6c80000)
 Metaspace       used 34562K, capacity 35245K, committed 35416K, reserved 1079296K
  class space    used 4768K, capacity 4992K, committed 4992K, reserved 1048576K
Event: 22.238 GC heap after
Heap after GC invocations=7 (full 2):
 PSYoungGen      total 136704K, used 0K [0x00000000e0000000, 0x00000000e9600000, 0x0000000100000000)
  eden space 125952K, 0% used [0x00000000e0000000,0x00000000e0000000,0x00000000e7b00000)
  from space 10752K, 0% used [0x00000000e7d00000,0x00000000e7d00000,0x00000000e8780000)
  to   space 13824K, 0% used [0x00000000e8880000,0x00000000e8880000,0x00000000e9600000)
 ParOldGen       total 179712K, used 19295K [0x00000000a0000000, 0x00000000aaf80000, 0x00000000e0000000)
  object space 179712K, 10% used [0x00000000a0000000,0x00000000a12d7f50,0x00000000aaf80000)
 Metaspace       used 34562K, capacity 35245K, committed 35416K, reserved 1079296K
  class space    used 4768K, capacity 4992K, committed 4992K, reserved 1048576K
}
Event: 26.227 GC heap before
{Heap before GC invocations=8 (full 2):
 PSYoungGen      total 136704K, used 125952K [0x00000000e0000000, 0x00000000e9600000, 0x0000000100000000)
  eden space 125952K, 100% used [0x00000000e0000000,0x00000000e7b00000,0x00000000e7b00000)
  from space 10752K, 0% used [0x00000000e7d00000,0x00000000e7d00000,0x00000000e8780000)
  to   space 13824K, 0% used [0x00000000e8880000,0x00000000e8880000,0x00000000e9600000)
 ParOldGen       total 179712K, used 19295K [0x00000000a0000000, 0x00000000aaf80000, 0x00000000e0000000)
  object space 179712K, 10% used [0x00000000a0000000,0x00000000a12d7f50,0x00000000aaf80000)
 Metaspace       used 40867K, capacity 41923K, committed 42072K, reserved 1085440K
  class space    used 5603K, capacity 5950K, committed 6016K, reserved 1048576K
Event: 26.261 GC heap after
Heap after GC invocations=8 (full 2):
 PSYoungGen      total 138240K, used 13329K [0x00000000e0000000, 0x00000000ecf80000, 0x0000000100000000)
  eden space 124416K, 0% used [0x00000000e0000000,0x00000000e0000000,0x00000000e7980000)
  from space 13824K, 96% used [0x00000000e8880000,0x00000000e9584648,0x00000000e9600000)
  to   space 15360K, 0% used [0x00000000e7980000,0x00000000e7980000,0x00000000e8880000)
 ParOldGen       total 179712K, used 19303K [0x00000000a0000000, 0x00000000aaf80000, 0x00000000e0000000)
  object space 179712K, 10% used [0x00000000a0000000,0x00000000a12d9f50,0x00000000aaf80000)
 Metaspace       used 40867K, capacity 41923K, committed 42072K, reserved 1085440K
  class space    used 5603K, capacity 5950K, committed 6016K, reserved 1048576K
}
Event: 31.116 GC heap before
{Heap before GC invocations=9 (full 2):
 PSYoungGen      total 138240K, used 137745K [0x00000000e0000000, 0x00000000ecf80000, 0x0000000100000000)
  eden space 124416K, 100% used [0x00000000e0000000,0x00000000e7980000,0x00000000e7980000)
  from space 13824K, 96% used [0x00000000e8880000,0x00000000e9584648,0x00000000e9600000)
  to   space 15360K, 0% used [0x00000000e7980000,0x00000000e7980000,0x00000000e8880000)
 ParOldGen       total 179712K, used 19303K [0x00000000a0000000, 0x00000000aaf80000, 0x00000000e0000000)
  object space 179712K, 10% used [0x00000000a0000000,0x00000000a12d9f50,0x00000000aaf80000)
 Metaspace       used 51760K, capacity 53465K, committed 53592K, reserved 1095680K
  class space    used 7109K, capacity 7524K, committed 7552K, reserved 1048576K
Event: 31.160 GC heap after
Heap after GC invocations=9 (full 2):
 PSYoungGen      total 139776K, used 15341K [0x00000000e0000000, 0x00000000ed700000, 0x0000000100000000)
  eden space 124416K, 0% used [0x00000000e0000000,0x00000000e0000000,0x00000000e7980000)
  from space 15360K, 99% used [0x00000000e7980000,0x00000000e887b510,0x00000000e8880000)
  to   space 20480K, 0% used [0x00000000ec300000,0x00000000ec300000,0x00000000ed700000)
 ParOldGen       total 179712K, used 25300K [0x00000000a0000000, 0x00000000aaf80000, 0x00000000e0000000)
  object space 179712K, 14% used [0x00000000a0000000,0x00000000a18b5140,0x00000000aaf80000)
 Metaspace       used 51760K, capacity 53465K, committed 53592K, reserved 1095680K
  class space    used 7109K, capacity 7524K, committed 7552K, reserved 1048576K
}
Event: 34.747 GC heap before
{Heap before GC invocations=10 (full 2):
 PSYoungGen      total 139776K, used 112532K [0x00000000e0000000, 0x00000000ed700000, 0x0000000100000000)
  eden space 124416K, 78% used [0x00000000e0000000,0x00000000e5ee9b80,0x00000000e7980000)
  from space 15360K, 99% used [0x00000000e7980000,0x00000000e887b510,0x00000000e8880000)
  to   space 20480K, 0% used [0x00000000ec300000,0x00000000ec300000,0x00000000ed700000)
 ParOldGen       total 179712K, used 25300K [0x00000000a0000000, 0x00000000aaf80000, 0x00000000e0000000)
  object space 179712K, 14% used [0x00000000a0000000,0x00000000a18b5140,0x00000000aaf80000)
 Metaspace       used 57108K, capacity 58931K, committed 58968K, reserved 1099776K
  class space    used 7844K, capacity 8315K, committed 8320K, reserved 1048576K
Event: 34.795 GC heap after
Heap after GC invocations=10 (full 2):
 PSYoungGen      total 194048K, used 20453K [0x00000000e0000000, 0x00000000ee500000, 0x0000000100000000)
  eden space 173568K, 0% used [0x00000000e0000000,0x00000000e0000000,0x00000000ea980000)
  from space 20480K, 99% used [0x00000000ec300000,0x00000000ed6f9510,0x00000000ed700000)
  to   space 26112K, 0% used [0x00000000ea980000,0x00000000ea980000,0x00000000ec300000)
 ParOldGen       total 179712K, used 32467K [0x00000000a0000000, 0x00000000aaf80000, 0x00000000e0000000)
  object space 179712K, 18% used [0x00000000a0000000,0x00000000a1fb4ce0,0x00000000aaf80000)
 Metaspace       used 57108K, capacity 58931K, committed 58968K, reserved 1099776K
  class space    used 7844K, capacity 8315K, committed 8320K, reserved 1048576K
}
Event: 34.795 GC heap before
{Heap before GC invocations=11 (full 3):
 PSYoungGen      total 194048K, used 20453K [0x00000000e0000000, 0x00000000ee500000, 0x0000000100000000)
  eden space 173568K, 0% used [0x00000000e0000000,0x00000000e0000000,0x00000000ea980000)
  from space 20480K, 99% used [0x00000000ec300000,0x00000000ed6f9510,0x00000000ed700000)
  to   space 26112K, 0% used [0x00000000ea980000,0x00000000ea980000,0x00000000ec300000)
 ParOldGen       total 179712K, used 32467K [0x00000000a0000000, 0x00000000aaf80000, 0x00000000e0000000)
  object space 179712K, 18% used [0x00000000a0000000,0x00000000a1fb4ce0,0x00000000aaf80000)
 Metaspace       used 57108K, capacity 58931K, committed 58968K, reserved 1099776K
  class space    used 7844K, capacity 8315K, committed 8320K, reserved 1048576K
Event: 35.115 GC heap after
Heap after GC invocations=11 (full 3):
 PSYoungGen      total 194048K, used 0K [0x00000000e0000000, 0x00000000ee500000, 0x0000000100000000)
  eden space 173568K, 0% used [0x00000000e0000000,0x00000000e0000000,0x00000000ea980000)
  from space 20480K, 0% used [0x00000000ec300000,0x00000000ec300000,0x00000000ed700000)
  to   space 26112K, 0% used [0x00000000ea980000,0x00000000ea980000,0x00000000ec300000)
 ParOldGen       total 264704K, used 40604K [0x00000000a0000000, 0x00000000b0280000, 0x00000000e0000000)
  object space 264704K, 15% used [0x00000000a0000000,0x00000000a27a7138,0x00000000b0280000)
 Metaspace       used 57108K, capacity 58931K, committed 58968K, reserved 1099776K
  class space    used 7844K, capacity 8315K, committed 8320K, reserved 1048576K
}

